#
# There is insufficient memory for the Java Runtime Environment to continue.
# Native memory allocation (mmap) failed to map 264241152 bytes. Error detail: G1 virtual space
# Possible reasons:
#   The system is out of physical RAM or swap space
#   This process is running with CompressedOops enabled, and the Java Heap may be blocking the growth of the native heap
# Possible solutions:
#   Reduce memory load on the system
#   Increase physical memory or swap space
#   Check if swap backing store is full
#   Decrease Java heap size (-Xmx/-Xms)
#   Decrease number of Java threads
#   Decrease Java thread stack sizes (-Xss)
#   Set larger code cache with -XX:ReservedCodeCacheSize=
#   JVM is running with Zero Based Compressed Oops mode in which the Java heap is
#     placed in the first 32GB address space. The Java Heap base address is the
#     maximum limit for the native heap growth. Please use -XX:HeapBaseMinAddress
#     to set the Java Heap base and to place the Java Heap above 32GB virtual address.
# This output file may be truncated or incomplete.
#
#  Out of Memory Error (os_windows.cpp:3707), pid=13836, tid=6772
#
# JRE version:  (23.0.2+7) (build )
# Java VM: Java HotSpot(TM) 64-Bit Server VM (23.0.2+7-58, mixed mode, sharing, tiered, compressed oops, compressed class ptrs, g1 gc, windows-amd64)
# No core dump will be written. Minidumps are not enabled by default on client versions of Windows
#

---------------  S U M M A R Y ------------

Command Line: -javaagent:D:\IntelliJ IDEA Community Edition 2024.3.4.1\lib\idea_rt.jar=15994 -Dfile.encoding=UTF-8 -Dsun.stdout.encoding=UTF-8 -Dsun.stderr.encoding=UTF-8 com.greenjuicehub.backend.BackendApplication

Host: 11th Gen Intel(R) Core(TM) i5-11400H @ 2.70GHz, 12 cores, 15G,  Windows 11 , 64 bit Build 26100 (10.0.26100.8521)
Time: Wed Jul  1 22:50:19 2026 SE Asia Standard Time elapsed time: 0.014696 seconds (0d 0h 0m 0s)

---------------  T H R E A D  ---------------

Current thread (0x0000025c9d20aa40):  JavaThread "Unknown thread" [_thread_in_vm, id=6772, stack(0x000000c420e00000,0x000000c420f00000) (1024K)]

Stack: [0x000000c420e00000,0x000000c420f00000]
Native frames: (J=compiled Java code, j=interpreted, Vv=VM code, C=native code)
V  [jvm.dll+0x6e0b99]  (no source info available)
V  [jvm.dll+0x87e2b3]  (no source info available)
V  [jvm.dll+0x88073e]  (no source info available)
V  [jvm.dll+0x880e13]  (no source info available)
V  [jvm.dll+0x27b006]  (no source info available)
V  [jvm.dll+0x6dd485]  (no source info available)
V  [jvm.dll+0x6d127a]  (no source info available)
V  [jvm.dll+0x35b50a]  (no source info available)
V  [jvm.dll+0x363916]  (no source info available)
V  [jvm.dll+0x34fe7e]  (no source info available)
V  [jvm.dll+0x350118]  (no source info available)
V  [jvm.dll+0x328aec]  (no source info available)
V  [jvm.dll+0x32978e]  (no source info available)
V  [jvm.dll+0x8449a5]  (no source info available)
V  [jvm.dll+0x3b9a08]  (no source info available)
V  [jvm.dll+0x82d68c]  (no source info available)
V  [jvm.dll+0x454f2e]  (no source info available)
V  [jvm.dll+0x456db1]  (no source info available)
C  [jli.dll+0x52a3]  (no source info available)
C  [ucrtbase.dll+0x2cd30]  (no source info available)
C  [KERNEL32.DLL+0x2e957]  (no source info available)
C  [ntdll.dll+0x87c1c]  (no source info available)

Lock stack of current Java thread (top to bottom):


---------------  P R O C E S S  ---------------

Threads class SMR info:
_java_thread_list=0x00007ffff20a4618, length=0, elements={
}

Java Threads: ( => current thread )
Total: 0

Other Threads:
  0x0000025c9d270790 WorkerThread "GC Thread#0"                     [id=14216, stack(0x000000c420f00000,0x000000c421000000) (1024K)]
  0x0000025cb9f12b80 ConcurrentGCThread "G1 Main Marker"            [id=1632, stack(0x000000c421000000,0x000000c421100000) (1024K)]
  0x0000025cb9f13be0 WorkerThread "G1 Conc#0"                       [id=24840, stack(0x000000c421100000,0x000000c421200000) (1024K)]

[error occurred during error reporting (printing all threads), id 0xc0000005, EXCEPTION_ACCESS_VIOLATION (0xc0000005) at pc=0x00007ffff17ec0da]
VM state: not at safepoint (not fully initialized)

VM Mutex/Monitor currently owned by a thread:  ([mutex/lock_event])
[0x00007ffff2124988] Heap_lock - owner thread: 0x0000025c9d20aa40

Heap address: 0x0000000704400000, size: 4028 MB, Compressed Oops mode: Zero based, Oop shift amount: 3

CDS archive(s) mapped at: [0x0000000000000000-0x0000000000000000-0x0000000000000000), size 0, SharedBaseAddress: 0x0000000800000000, ArchiveRelocationMode: 1.
Narrow klass base: 0x0000000000000000, Narrow klass shift: 0, Narrow klass range: 0x0

GC Precious Log:
 CardTable entry size: 512
 Card Set container configuration: InlinePtr #cards 4 size 8 Array Of Cards #cards 16 size 48 Howl #buckets 8 coarsen threshold 3686 Howl Bitmap #cards 512 size 80 coarsen threshold 460 Card regions per heap region 1 cards per card region 4096

Heap:
 garbage-first heap   total reserved 4124672K, committed 0K, used 0K [0x0000000704400000, 0x0000000800000000)
  region size 2048K, 0 young (0K), 0 survivors (0K)

[error occurred during error reporting (printing heap information), id 0xc0000005, EXCEPTION_ACCESS_VIOLATION (0xc0000005) at pc=0x00007ffff1bec6a9]
GC Heap History (0 events):
No events

Dll operation events (1 events):
Event: 0.011 Loaded shared library C:\Program Files\Java\jdk-23\bin\java.dll

Deoptimization events (0 events):
No events

Classes loaded (0 events):
No events

Classes unloaded (0 events):
No events

Classes redefined (0 events):
No events

Internal exceptions (0 events):
No events

VM Operations (0 events):
No events

Memory protections (0 events):
No events

Nmethod flushes (0 events):
No events

Events (0 events):
No events


Dynamic libraries:
0x00007ff694280000 - 0x00007ff694290000 	C:\Program Files\Java\jdk-23\bin\java.exe
0x00007ff8e4200000 - 0x00007ff8e4466000 	C:\WINDOWS\SYSTEM32\ntdll.dll
0x00007ff8e2a40000 - 0x00007ff8e2b09000 	C:\WINDOWS\System32\KERNEL32.DLL
0x00007ff8e1a40000 - 0x00007ff8e1e3a000 	C:\WINDOWS\System32\KERNELBASE.dll
0x00007ff8e1580000 - 0x00007ff8e16cc000 	C:\WINDOWS\System32\ucrtbase.dll
0x00007ff8b7e00000 - 0x00007ff8b7e17000 	C:\Program Files\Java\jdk-23\bin\jli.dll
0x00007ff8b7e20000 - 0x00007ff8b7e3b000 	C:\Program Files\Java\jdk-23\bin\VCRUNTIME140.dll
0x00007ff8e1ff0000 - 0x00007ff8e21b7000 	C:\WINDOWS\System32\USER32.dll
0x00007ff8c12a0000 - 0x00007ff8c1532000 	C:\WINDOWS\WinSxS\amd64_microsoft.windows.common-controls_6595b64144ccf1df_6.0.26100.8521_none_3e08b75ce33403b3\COMCTL32.dll
0x00007ff8e1550000 - 0x00007ff8e1577000 	C:\WINDOWS\System32\win32u.dll
0x00007ff8e2b10000 - 0x00007ff8e2bb9000 	C:\WINDOWS\System32\msvcrt.dll
0x00007ff8e2800000 - 0x00007ff8e282b000 	C:\WINDOWS\System32\GDI32.dll
0x00007ff8e1e40000 - 0x00007ff8e1f6b000 	C:\WINDOWS\System32\gdi32full.dll
0x00007ff8e1900000 - 0x00007ff8e19a3000 	C:\WINDOWS\System32\msvcp_win.dll
0x00007ff8e2ef0000 - 0x00007ff8e2f22000 	C:\WINDOWS\System32\IMM32.DLL
0x00007ff8c2620000 - 0x00007ff8c262c000 	C:\Program Files\Java\jdk-23\bin\vcruntime140_1.dll
0x00007ff8b7d70000 - 0x00007ff8b7dfe000 	C:\Program Files\Java\jdk-23\bin\msvcp140.dll
0x00007ffff14b0000 - 0x00007ffff2200000 	C:\Program Files\Java\jdk-23\bin\server\jvm.dll
0x00007ff8e21c0000 - 0x00007ff8e2276000 	C:\WINDOWS\System32\ADVAPI32.dll
0x00007ff8e2830000 - 0x00007ff8e28da000 	C:\WINDOWS\System32\sechost.dll
0x00007ff8e35e0000 - 0x00007ff8e36f8000 	C:\WINDOWS\System32\RPCRT4.dll
0x00007ff8e2bc0000 - 0x00007ff8e2c40000 	C:\WINDOWS\System32\WS2_32.dll
0x00007ff8e0080000 - 0x00007ff8e00de000 	C:\WINDOWS\SYSTEM32\POWRPROF.dll
0x00007ff8d6370000 - 0x00007ff8d63a6000 	C:\WINDOWS\SYSTEM32\WINMM.dll
0x00007ff8d8ff0000 - 0x00007ff8d8ffb000 	C:\WINDOWS\SYSTEM32\VERSION.dll
0x00007ff8e0060000 - 0x00007ff8e0074000 	C:\WINDOWS\SYSTEM32\UMPDC.dll
0x00007ff8e0340000 - 0x00007ff8e035b000 	C:\WINDOWS\SYSTEM32\kernel.appcore.dll
0x00007ff8b7f60000 - 0x00007ff8b7f6a000 	C:\Program Files\Java\jdk-23\bin\jimage.dll
0x00007ff8deab0000 - 0x00007ff8decf2000 	C:\WINDOWS\SYSTEM32\DBGHELP.DLL
0x00007ff8e3040000 - 0x00007ff8e33c3000 	C:\WINDOWS\System32\combase.dll
0x00007ff8e3500000 - 0x00007ff8e35d9000 	C:\WINDOWS\System32\OLEAUT32.dll
0x00007ff8b9460000 - 0x00007ff8b949b000 	C:\WINDOWS\SYSTEM32\dbgcore.DLL
0x00007ff8e16d0000 - 0x00007ff8e1778000 	C:\WINDOWS\System32\bcryptPrimitives.dll
0x00007ff8b7c50000 - 0x00007ff8b7c5f000 	C:\Program Files\Java\jdk-23\bin\instrument.dll
0x00007ff8b7d50000 - 0x00007ff8b7d6e000 	C:\Program Files\Java\jdk-23\bin\java.dll
0x00007ff8e2c50000 - 0x00007ff8e2de8000 	C:\WINDOWS\System32\ole32.dll
0x00007ff8e3a20000 - 0x00007ff8e41a4000 	C:\WINDOWS\System32\SHELL32.dll

dbghelp: loaded successfully - version: 4.0.5 - missing functions: none
symbol engine: initialized successfully - sym options: 0x614 - pdb path: .;C:\Program Files\Java\jdk-23\bin;C:\WINDOWS\SYSTEM32;C:\WINDOWS\WinSxS\amd64_microsoft.windows.common-controls_6595b64144ccf1df_6.0.26100.8521_none_3e08b75ce33403b3;C:\Program Files\Java\jdk-23\bin\server

VM Arguments:
jvm_args: -javaagent:D:\IntelliJ IDEA Community Edition 2024.3.4.1\lib\idea_rt.jar=15994 -Dfile.encoding=UTF-8 -Dsun.stdout.encoding=UTF-8 -Dsun.stderr.encoding=UTF-8 
java_command: com.greenjuicehub.backend.BackendApplication
java_class_path (initial): D:\DU_AN_RIENG\green-juice-hub\backend\target\classes;C:\Users\Huywill\.m2\repository\org\springframework\boot\spring-boot-starter-mail\4.0.6\spring-boot-starter-mail-4.0.6.jar;C:\Users\Huywill\.m2\repository\org\springframework\boot\spring-boot-starter\4.0.6\spring-boot-starter-4.0.6.jar;C:\Users\Huywill\.m2\repository\org\springframework\boot\spring-boot-starter-logging\4.0.6\spring-boot-starter-logging-4.0.6.jar;C:\Users\Huywill\.m2\repository\ch\qos\logback\logback-classic\1.5.32\logback-classic-1.5.32.jar;C:\Users\Huywill\.m2\repository\ch\qos\logback\logback-core\1.5.32\logback-core-1.5.32.jar;C:\Users\Huywill\.m2\repository\org\apache\logging\log4j\log4j-to-slf4j\2.25.4\log4j-to-slf4j-2.25.4.jar;C:\Users\Huywill\.m2\repository\org\apache\logging\log4j\log4j-api\2.25.4\log4j-api-2.25.4.jar;C:\Users\Huywill\.m2\repository\org\slf4j\jul-to-slf4j\2.0.17\jul-to-slf4j-2.0.17.jar;C:\Users\Huywill\.m2\repository\jakarta\annotation\jakarta.annotation-api\3.0.0\jakarta.annotation-api-3.0.0.jar;C:\Users\Huywill\.m2\repository\org\yaml\snakeyaml\2.5\snakeyaml-2.5.jar;C:\Users\Huywill\.m2\repository\org\springframework\boot\spring-boot-mail\4.0.6\spring-boot-mail-4.0.6.jar;C:\Users\Huywill\.m2\repository\org\springframework\spring-context-support\7.0.7\spring-context-support-7.0.7.jar;C:\Users\Huywill\.m2\repository\jakarta\mail\jakarta.mail-api\2.1.5\jakarta.mail-api-2.1.5.jar;C:\Users\Huywill\.m2\repository\jakarta\activation\jakarta.activation-api\2.1.4\jakarta.activation-api-2.1.4.jar;C:\Users\Huywill\.m2\repository\org\eclipse\angus\angus-mail\2.0.5\angus-mail-2.0.5.jar;C:\Users\Huywill\.m2\repository\org\eclipse\angus\angus-activation\2.0.3\angus-activation-2.0.3.jar;C:\Users\Huywill\.m2\repository\io\jsonwebtoken\jjwt-api\0.12.3\jjwt-api-0.12.3.jar;C:\Users\Huywill\.m2\repository\org\springframework\boot\spring-boot-starter-thymeleaf\4.0.6\spring-boot-starter-thymeleaf-4.0.6.jar;C:\Users\Huywill\.m2\repository\org\springframework\boot\spring-boot-thymeleaf\4.0.6\spring-boot-thymeleaf-4.0.6.jar;C:\Users\Huywill\.m2\repository\org\thymeleaf\thymeleaf-spring6\3.1.5.RELEASE\thymeleaf-spring6-3.1.5.RELEASE.jar;C:\Users\Huywill\.m2\repository\org\thymeleaf\thymeleaf\3.1.5.RELEASE\thymeleaf-3.1.5.RELEASE.jar;C:\Users\Huywill\.m2\repository\org\attoparser\attoparser\2.0.7.RELEASE\attoparser-2.0.7.RELEASE.jar;C:\Users\Huywill\.m2\repository\org\unbescape\unbescape\1.1.6.RELEASE\unbescape-1.1.6.RELEASE.jar;C:\Users\Huywill\.m2\repository\org\slf4j\slf4j-api\2.0.17\slf4j-api-2.0.17.jar;C:\Users\Huywill\.m2\repository\org\springframework\spring-web\7.0.7\spring-web-7.0.7.jar;C:\Users\Huywill\.m2\repository\io\micrometer\micrometer-observation\1.16.5\micrometer-observation-1.16.5.jar;C:\Users\Huywill\.m2\repository\io\micrometer\micrometer-commons\1.16.5\micrometer-commons-1.16.5.jar;C:\Users\Huywill\.m2\repository\com\google\api-client\google-api-client\2.4.0\google-api-client-2.4.0.jar;C:\Users\Huywill\.m2\repository\commons-codec\commons-codec\1.19.0\commons-codec-1.19.0.jar;C:\Users\Huywill\.m2\repository\com\google\oauth-client\google-oauth-client\1.35.0\google-oauth-client-1.35.0.jar;C:\Users\Huywill\.m2\repository\com\google\auth\google-auth-library-credentials\1.23.0\google-auth-library-credentials-1.23.0.jar;C:\Users\Huywill\.m2\repository\com\google\auth\google-auth-library-oauth2-http\1.23.0\google-auth-library-oauth2-http-1.23.0.jar;C:\Users\Huywill\.m2\repository\com\google\auto\value\auto-value-annotations\1.10.4\auto-value-annotations-1.10.4.jar;C:\Users\Huywill\.m2\repository\com\google\code\findbugs\jsr305\3.0.2\jsr305-3.0.2.jar;C:\Users\Huywill\.m2\repository\com\google\errorprone\error_prone_annotations\2.18.0\error_prone_annotations-2.18.0.jar;C:\Users\Huywill\.m2\repository\com\google\http-client\google-http-client-gson\1.44.1\google-http-client-gson-1.44.1.jar;C:\Users\Huywill\.m2\repository\com\google\code\gson\gson\2.13.2\gson-2.13.2.jar;C:\Users\Huywill\.m2\repository\com\google\guava\guava\33.0.0-jre\guava-33.0.0-jre.jar;C:\Users\Huywill\.m2\repository\com\google\guava\failureaccess\1.0.2\failureaccess-1.0.2.jar;C:\Users\Huywill\.m2\repository\com\google\guava\listenablefuture\9999.0-empty-to-avoid-conflict-with-guava\listenablefuture-9999.0-empty-to-avoid-conflict-with-guava.jar;C:\Users\Huywill\.m2\repository\org\checkerframework\checker-qual\3.41.0\checker-qual-3.41.0.jar;C:\Users\Huywill\.m2\repository\com\google\j2objc\j2objc-annotations\2.8\j2objc-annotations-2.8.jar;C:\Users\Huywill\.m2\repository\com\google\http-client\google-http-client-apache-v2\1.44.1\google-http-client-apache-v2-1.44.1.jar;C:\Users\Huywill\.m2\repository\org\apache\httpcomponents\httpcore\4.4.16\httpcore-4.4.16.jar;C:\Users\Huywill\.m2\repository\org\apache\httpcomponents\httpclient\4.5.14\httpclient-4.5.14.jar;C:\Users\Huywill\.m2\repository\commons-logging\commons-logging\1.3.6\commons-logging-1.3.6.jar;C:\Users\Huywill\.m2\repository\com\google\http-client\google-http-client\1.44.1\google-http-client-1.44.1.jar;C:\Users\Huywill\.m2\repository\io\grpc\grpc-context\1.60.1\grpc-context-1.60.1.jar;C:\Users\Huywill\.m2\repository\io\grpc\grpc-api\1.60.1\grpc-api-1.60.1.jar;C:\Users\Huywill\.m2\repository\io\opencensus\opencensus-api\0.31.1\opencensus-api-0.31.1.jar;C:\Users\Huywill\.m2\repository\io\opencensus\opencensus-contrib-http-util\0.31.1\opencensus-contrib-http-util-0.31.1.jar;C:\Users\Huywill\.m2\repository\io\jsonwebtoken\jjwt-impl\0.12.3\jjwt-impl-0.12.3.jar;C:\Users\Huywill\.m2\repository\com\fasterxml\jackson\core\jackson-databind\2.21.2\jackson-databind-2.21.2.jar;C:\Users\Huywill\.m2\repository\com\fasterxml\jackson\core\jackson-annotations\2.21\jackson-annotations-2.21.jar;C:\Users\Huywill\.m2\repository\com\fasterxml\jackson\core\jackson-core\2.21.2\jackson-core-2.21.2.jar;C:\Users\Huywill\.m2\repository\org\springframework\boot\spring-boot-starter-data-redis\4.0.6\spring-boot-starter-data-redis-4.0.6.jar;C:\Users\Huywill\.m2\repository\org\springframework\boot\spring-boot-data-redis\4.0.6\spring-boot-data-redis-4.0.6.jar;C:\Users\Huywill\.m2\repository\org\springframework\boot\spring-boot-data-commons\4.0.6\spring-boot-data-commons-4.0.6.jar;C:\Users\Huywill\.m2\repository\org\springframework\boot\spring-boot-persistence\4.0.6\spring-boot-persistence-4.0.6.jar;C:\Users\Huywill\.m2\repository\org\springframework\data\spring-data-commons\4.0.5\spring-data-commons-4.0.5.jar;C:\Users\Huywill\.m2\repository\org\springframework\boot\spring-boot-transaction\4.0.6\spring-boot-transaction-4.0.6.jar;C:\Users\Huywill\.m2\repository\org\springframework\spring-tx\7.0.7\spring-tx-7.0.7.jar;C:\Users\Huywill\.m2\repository\io\lettuce\lettuce-core\6.8.2.RELEASE\lettuce-core-6.8.2.RELEASE.jar;C:\Users\Huywill\.m2\repository\redis\clients\authentication\redis-authx-core\0.1.1-beta2\redis-authx-core-0.1.1-beta2.jar;C:\Users\Huywill\.m2\repository\io\netty\netty-common\4.2.12.Final\netty-common-4.2.12.Final.jar;C:\Users\Huywill\.m2\repository\io\netty\netty-handler\4.2.12.Final\netty-handler-4.2.12.Final.jar;C:\Users\Huywill\.m2\repository\io\netty\netty-resolver\4.2.12.Final\netty-resolver-4.2.12.Final.jar;C:\Users\Huywill\.m2\repository\io\netty\netty-buffer\4.2.12.Final\netty-buffer-4.2.12.Final.jar;C:\Users\Huywill\.m2\repository\io\netty\netty-transport-native-unix-common\4.2.12.Final\netty-transport-native-unix-common-4.2.12.Final.jar;C:\Users\Huywill\.m2\repository\io\netty\netty-codec-base\4.2.12.Final\netty-codec-base-4.2.12.Final.jar;C:\Users\Huywill\.m2\repository\io\netty\netty-transport\4.2.12.Final\netty-transport-4.2.12.Final.jar;C:\Users\Huywill\.m2\repository\io\projectreactor\reactor-core\3.8.5\reactor-core-3.8.5.jar;C:\Users\Huywill\.m2\repository\org\reactivestreams\reactive-streams\1.0.4\reactive-streams-1.0.4.jar;C:\Users\Huywill\.m2\repository\io\netty\netty-resolver-dns\4.2.12.Final\netty-resolver-dns-4.2.12.Final.jar;C:\Users\Huywill\.m2\repository\io\netty\netty-codec-dns\4.2.12.Final\netty-codec-dns-4.2.12.Final.jar;C:\Users\Huywill\.m2\repository\org\springframework\data\spring-data-redis\4.0.5\spring-data-redis-4.0.5.jar;C:\Users\Huywill\.m2\repository\org\springframework\data\spring-data-keyvalue\4.0.5\spring-data-keyvalue-4.0.5.jar;C:\Users\Huywill\.m2\repository\org\springframework\spring-oxm\7.0.7\spring-oxm-7.0.7.jar;C:\Users\Huywill\.m2\repository\org\springframework\boot\spring-boot-netty\4.0.6\spring-boot-netty-4.0.6.jar;C:\Users\Huywill\.m2\repository\io\jsonwebtoken\jjwt-jackson\0.12.3\jjwt-jackson-0.12.3.jar;C:\Users\Huywill\.m2\repository\org\springframework\boot\spring-boot-starter-data-jpa\4.0.6\spring-boot-starter-data-jpa-4.0.6.jar;C:\Users\Huywill\.m2\repository\org\springframework\boot\spring-boot-starter-jdbc\4.0.6\spring-boot-starter-jdbc-4.0.6.jar;C:\Users\Huywill\.m2\repository\com\zaxxer\HikariCP\7.0.2\HikariCP-7.0.2.jar;C:\Users\Huywill\.m2\repository\org\springframework\boot\spring-boot-data-jpa\4.0.6\spring-boot-data-jpa-4.0.6.jar;C:\Users\Huywill\.m2\repository\org\springframework\boot\spring-boot-hibernate\4.0.6\spring-boot-hibernate-4.0.6.jar;C:\Users\Huywill\.m2\repository\org\springframework\boot\spring-boot-jpa\4.0.6\spring-boot-jpa-4.0.6.jar;C:\Users\Huywill\.m2\repository\jakarta\persistence\jakarta.persistence-api\3.2.0\jakarta.persistence-api-3.2.0.jar;C:\Users\Huywill\.m2\repository\org\hibernate\orm\hibernate-core\7.2.12.Final\hibernate-core-7.2.12.Final.jar;C:\Users\Huywill\.m2\repository\jakarta\transaction\jakarta.transaction-api\2.0.1\jakarta.transaction-api-2.0.1.jar;C:\Users\Huywill\.m2\repository\org\hibernate\models\hibernate-models\1.0.1\hibernate-models-1.0.1.jar;C:\Users\Huywill\.m2\repository\org\glassfish\jaxb\jaxb-runtime\4.0.6\jaxb-runtime-4.0.6.jar;C:\Users\Huywill\.m2\repository\org\glassfish\jaxb\jaxb-core\4.0.6\jaxb-core-4.0.6.jar;C:\Users\Huywill\.m2\repository\org\glassfish\jaxb\txw2\4.0.6\txw2-4.0.6.jar;C:\Users\Huywill\.m2\repository\com\sun\istack\istack-commons-runtime\4.1.2\istack-commons-runtime-4.1.2.jar;C:\Users\Huywill\.m2\repository\jakarta\inject\jakarta.inject-api\2.0.1\jakarta.inject-api-2.0.1.jar;C:\Users\Huywill\.m2\repository\org\springframework\spring-orm\7.0.7\spring-orm-7.0.7.jar;C:\Users\Huywill\.m2\repository\org\springframework\data\spring-data-jpa\4.0.5\spring-data-jpa-4.0.5.jar;C:\Users\Huywill\.m2\repository\org\antlr\antlr4-runtime\4.13.2\antlr4-runtime-4.13.2.jar;C:\Users\Huywill\.m2\repository\org\springframework\spring-aspects\7.0.7\spring-aspects-7.0.7.jar;C:\Users\Huywill\.m2\repository\org\aspectj\aspectjweaver\1.9.25.1\aspectjweaver-1.9.25.1.jar;C:\Users\Huywill\.m2\repository\org\springframework\boot\spring-boot-jdbc\4.0.6\spring-boot-jdbc-4.0.6.jar;C:\Users\Huywill\.m2\repository\org\springframework\boot\spring-boot-sql\4.0.6\spring-boot-sql-4.0.6.jar;C:\Users\Huywill\.m2\repository\org\springframework\spring-jdbc\7.0.7\spring-jdbc-7.0.7.jar;C:\Users\Huywill\.m2\repository\org\springframework\boot\spring-boot-starter-security\4.0.6\spring-boot-starter-security-4.0.6.jar;C:\Users\Huywill\.m2\repository\org\springframework\boot\spring-boot-security\4.0.6\spring-boot-security-4.0.6.jar;C:\Users\Huywill\.m2\repository\org\springframework\security\spring-security-config\7.0.5\spring-security-config-7.0.5.jar;C:\Users\Huywill\.m2\repository\org\springframework\security\spring-security-core\7.0.5\spring-security-core-7.0.5.jar;C:\Users\Huywill\.m2\repository\org\springframework\security\spring-security-crypto\7.0.5\spring-security-crypto-7.0.5.jar;C:\Users\Huywill\.m2\repository\org\springframework\security\spring-security-web\7.0.5\spring-security-web-7.0.5.jar;C:\Users\Huywill\.m2\repository\org\springframework\spring-expression\7.0.7\spring-expression-7.0.7.jar;C:\Users\Huywill\.m2\repository\org\springframework\spring-aop\7.0.7\spring-aop-7.0.7.jar;C:\Users\Huywill\.m2\repository\org\springframework\spring-beans\7.0.7\spring-beans-7.0.7.jar;C:\Users\Huywill\.m2\repository\org\springframework\spring-core\7.0.7\spring-core-7.0.7.jar;C:\Users\Huywill\.m2\repository\org\jspecify\jspecify\1.0.0\jspecify-1.0.0.jar;C:\Users\Huywill\.m2\repository\org\springframework\boot\spring-boot-starter-validation\4.0.6\spring-boot-starter-validation-4.0.6.jar;C:\Users\Huywill\.m2\repository\org\springframework\boot\spring-boot-validation\4.0.6\spring-boot-validation-4.0.6.jar;C:\Users\Huywill\.m2\repository\org\apache\tomcat\embed\tomcat-embed-el\11.0.21\tomcat-embed-el-11.0.21.jar;C:\Users\Huywill\.m2\repository\org\hibernate\validator\hibernate-validator\9.0.1.Final\hibernate-validator-9.0.1.Final.jar;C:\Users\Huywill\.m2\repository\jakarta\validation\jakarta.validation-api\3.1.1\jakarta.validation-api-3.1.1.jar;C:\Users\Huywill\.m2\repository\org\jboss\logging\jboss-logging\3.6.3.Final\jboss-logging-3.6.3.Final.jar;C:\Users\Huywill\.m2\repository\com\fasterxml\classmate\1.7.3\classmate-1.7.3.jar;C:\Users\Huywill\.m2\repository\org\springframework\boot\spring-boot-starter-webmvc\4.0.6\spring-boot-starter-webmvc-4.0.6.jar;C:\Users\Huywill\.m2\repository\org\springframework\boot\spring-boot-starter-jackson\4.0.6\spring-boot-starter-jackson-4.0.6.jar;C:\Users\Huywill\.m2\repository\org\springframework\boot\spring-boot-jackson\4.0.6\spring-boot-jackson-4.0.6.jar;C:\Users\Huywill\.m2\repository\tools\jackson\core\jackson-databind\3.1.2\jackson-databind-3.1.2.jar;C:\Users\Huywill\.m2\repository\tools\jackson\core\jackson-core\3.1.2\jackson-core-3.1.2.jar;C:\Users\Huywill\.m2\repository\org\springframework\boot\spring-boot-starter-tomcat\4.0.6\spring-boot-starter-tomcat-4.0.6.jar;C:\Users\Huywill\.m2\repository\org\springframework\boot\spring-boot-starter-tomcat-runtime\4.0.6\spring-boot-starter-tomcat-runtime-4.0.6.jar;C:\Users\Huywill\.m2\repository\org\apache\tomcat\embed\tomcat-embed-core\11.0.21\tomcat-embed-core-11.0.21.jar;C:\Users\Huywill\.m2\repository\org\apache\tomcat\embed\tomcat-embed-websocket\11.0.21\tomcat-embed-websocket-11.0.21.jar;C:\Users\Huywill\.m2\repository\org\springframework\boot\spring-boot-tomcat\4.0.6\spring-boot-tomcat-4.0.6.jar;C:\Users\Huywill\.m2\repository\org\springframework\boot\spring-boot-http-converter\4.0.6\spring-boot-http-converter-4.0.6.jar;C:\Users\Huywill\.m2\repository\org\springframework\boot\spring-boot-webmvc\4.0.6\spring-boot-webmvc-4.0.6.jar;C:\Users\Huywill\.m2\repository\org\springframework\boot\spring-boot-servlet\4.0.6\spring-boot-servlet-4.0.6.jar;C:\Users\Huywill\.m2\repository\org\springframework\spring-webmvc\7.0.7\spring-webmvc-7.0.7.jar;C:\Users\Huywill\.m2\repository\org\springframework\boot\spring-boot-devtools\4.0.6\spring-boot-devtools-4.0.6.jar;C:\Users\Huywill\.m2\repository\org\springframework\boot\spring-boot\4.0.6\spring-boot-4.0.6.jar;C:\Users\Huywill\.m2\repository\org\springframework\spring-context\7.0.7\spring-context-7.0.7.jar;C:\Users\Huywill\.m2\repository\org\springframework\boot\spring-boot-autoconfigure\4.0.6\spring-boot-autoconfigure-4.0.6.jar;C:\Users\Huywill\.m2\repository\com\mysql\mysql-connector-j\9.7.0\mysql-connector-j-9.7.0.jar;C:\Users\Huywill\.m2\repository\org\projectlombok\lombok\1.18.46\lombok-1.18.46.jar;C:\Users\Huywill\.m2\repository\jakarta\xml\bind\jakarta.xml.bind-api\4.0.4\jakarta.xml.bind-api-4.0.4.jar;C:\Users\Huywill\.m2\repository\net\bytebuddy\byte-buddy\1.17.8\byte-buddy-1.17.8.jar;C:\Users\Huywill\.m2\repository\org\springframework\boot\spring-boot-web-server\4.0.6\spring-boot-web-server-4.0.6.jar
Launcher Type: SUN_STANDARD

[Global flags]
     intx CICompilerCount                          = 4                                         {product} {ergonomic}
     uint ConcGCThreads                            = 3                                         {product} {ergonomic}
     uint G1ConcRefinementThreads                  = 10                                        {product} {ergonomic}
   size_t G1HeapRegionSize                         = 2097152                                   {product} {ergonomic}
   size_t InitialHeapSize                          = 264241152                                 {product} {ergonomic}
   size_t MarkStackSize                            = 4194304                                   {product} {ergonomic}
   size_t MarkStackSizeMax                         = 536870912                                 {product} {ergonomic}
   size_t MaxHeapSize                              = 4223664128                                {product} {ergonomic}
   size_t MinHeapDeltaBytes                        = 2097152                                   {product} {ergonomic}
   size_t MinHeapSize                              = 8388608                                   {product} {ergonomic}
    uintx NonNMethodCodeHeapSize                   = 5832704                                {pd product} {ergonomic}
    uintx NonProfiledCodeHeapSize                  = 122945536                              {pd product} {ergonomic}
    uintx ProfiledCodeHeapSize                     = 122880000                              {pd product} {ergonomic}
    uintx ReservedCodeCacheSize                    = 251658240                              {pd product} {ergonomic}
     bool SegmentedCodeCache                       = true                                      {product} {ergonomic}
   size_t SoftMaxHeapSize                          = 4223664128                             {manageable} {ergonomic}
     bool UseCompressedOops                        = true                           {product lp64_product} {ergonomic}
     bool UseG1GC                                  = true                                      {product} {ergonomic}
     bool UseLargePagesIndividualAllocation        = false                                  {pd product} {ergonomic}

Logging:
Log output configuration:
 #0: stdout all=warning uptime,level,tags foldmultilines=false
 #1: stderr all=off uptime,level,tags foldmultilines=false

Environment Variables:
JAVA_HOME=C:\JAVA
PATH=C:\Program Files (x86)\Microsoft SDKs\Azure\CLI2\wbin;C:\Program Files (x86)\VMware\VMware Workstation\bin\;C:\Program Files\Common Files\Oracle\Java\javapath;C:\Program Files\Microsoft MPI\Bin\;C:\Program Files (x86)\Common Files\Oracle\Java\javapath;C:\Windows\system32;C:\Windows;C:\Windows\System32\Wbem;C:\Windows\System32\WindowsPowerShell\v1.0\;C:\Windows\System32\OpenSSH\;C:\Program Files (x86)\NVIDIA Corporation\PhysX\Common;C:\Program Files\NVIDIA Corporation\NVIDIA NvDLISR;C:\Program Files\dotnet\;C:\WINDOWS\system32;C:\WINDOWS;C:\WINDOWS\System32\Wbem;C:\WINDOWS\System32\WindowsPowerShell\v1.0\;C:\WINDOWS\System32\OpenSSH\;C:\Program Files\Microsoft SQL Server\150\Tools\Binn\;C:\Program Files\playit_gg\bin\;C:\Program Files (x86)\Windows Kits\10\Windows Performance Toolkit\;C:\Program Files\TortoiseGit\bin;C:\Program Files (x86)\Microsoft SQL Server\160\Tools\Binn\;C:\Program Files\Microsoft SQL Server\160\Tools\Binn\;C:\Program Files\Microsoft SQL Server\Client SDK\ODBC\170\Tools\Binn\;C:\Program Files\Microsoft SQL Server\160\DTS\Binn\;C:\Program Files (x86)\Microsoft SQL Server\160\DTS\Binn\;C:\Program Files\Git\cmd;C:\Program Files (x86)\IVI Foundation\VISA\WinNT\Bin;C:\Users\Huywill\SQLite;C:\Program Files\Docker\Docker\resources\bin;C:\Users\Huywill\AppData\Local\nvm;C:\nvm4w\nodejs;C:\Program Files\Cloudflare\Cloudflare WARP\;C:\Users\Huywill\AppData\Local\Programs\Python\Python311\Scripts\;C:\Users\Huywill\AppData\Local\Programs\Python\Python311\;C:\Users\Huywill\AppData\Local\Microsoft\WindowsApps;C:\Users\Huywill\AppData\Local\Programs\Microsoft VS Code\bin;C:\JAVA\bin;C:\Users\Huywill\.dotnet\tools;C:\Users\Huywill\AppData\Local\GitHubDesktop\bin;D:\IntelliJ IDEA Community Edition 2024.3.4.1\bin;;C:\Program Files\JetBrains\IntelliJ IDEA 2024.3.4.1\bin;;C:\Program Files (x86)\Nmap;C:\Users\Huywill\AppData\Local\nvm;C:\nvm4w\nodejs;C:\Users\Huywill\AppData\Local\Programs\cursor\resources\app\bin
USERNAME=Huywill
OS=Windows_NT
PROCESSOR_IDENTIFIER=Intel64 Family 6 Model 141 Stepping 1, GenuineIntel
TMP=C:\Users\Huywill\AppData\Local\Temp
TEMP=C:\Users\Huywill\AppData\Local\Temp




Periodic native trim disabled

---------------  S Y S T E M  ---------------

OS:
 Windows 11 , 64 bit Build 26100 (10.0.26100.8521)
OS uptime: 1 days 15:33 hours
Hyper-V role detected

CPU: total 12 (initial active 12) (6 cores per cpu, 2 threads per core) family 6 model 141 stepping 1 microcode 0x58, cx8, cmov, fxsr, ht, mmx, 3dnowpref, sse, sse2, sse3, ssse3, sse4.1, sse4.2, popcnt, lzcnt, tsc, tscinvbit, avx, avx2, aes, erms, clmul, bmi1, bmi2, adx, avx512f, avx512dq, avx512cd, avx512bw, avx512vl, sha, fma, vzeroupper, avx512_vpopcntdq, avx512_vpclmulqdq, avx512_vaes, avx512_vnni, clflush, clflushopt, clwb, avx512_vbmi2, avx512_vbmi, hv, rdtscp, rdpid, fsrm, gfni, avx512_bitalg, f16c, cet_ibt, cet_ss, avx512_ifma
Processor Information for the first 12 processors :
  Max Mhz: 2688, Current Mhz: 2688, Mhz Limit: 2688

Memory: 4k page, system-wide physical 16110M (1392M free)
TotalPageFile size 40059M (AvailPageFile size 69M)
current process WorkingSet (physical memory assigned to process): 14M, peak: 14M
current process commit charge ("private bytes"): 65M, peak: 317M

vm_info: Java HotSpot(TM) 64-Bit Server VM (23.0.2+7-58) for windows-amd64 JRE (23.0.2+7-58), built on 2024-11-29T09:34:55Z with MS VC++ 17.6 (VS2022)

END.
